0 info it worked if it ends with ok
1 verbose cli [ '/usr/bin/node',
1 verbose cli   '/usr/bin/npm',
1 verbose cli   'install',
1 verbose cli   'js-base64',
1 verbose cli   '--registry=https://registry.npm.taobao.org' ]
2 info using npm@1.4.28
3 info using node@v0.10.37
4 verbose node symlink /usr/bin/node
5 warn package.json react-redux-todomvc@ No description
6 warn package.json react-redux-todomvc@ No repository field.
7 warn package.json react-redux-todomvc@ No README data
8 verbose readDependencies using package.json deps
9 verbose cache add [ 'js-base64@2.1.5', null ]
10 verbose cache add name=undefined spec="js-base64@2.1.5" args=["js-base64@2.1.5",null]
11 verbose parsed url { protocol: null,
11 verbose parsed url   slashes: null,
11 verbose parsed url   auth: null,
11 verbose parsed url   host: null,
11 verbose parsed url   port: null,
11 verbose parsed url   hostname: null,
11 verbose parsed url   hash: null,
11 verbose parsed url   search: null,
11 verbose parsed url   query: null,
11 verbose parsed url   pathname: 'js-base64@2.1.5',
11 verbose parsed url   path: 'js-base64@2.1.5',
11 verbose parsed url   href: 'js-base64@2.1.5' }
12 verbose cache add name="js-base64" spec="2.1.5" args=["js-base64","2.1.5"]
13 verbose parsed url { protocol: null,
13 verbose parsed url   slashes: null,
13 verbose parsed url   auth: null,
13 verbose parsed url   host: null,
13 verbose parsed url   port: null,
13 verbose parsed url   hostname: null,
13 verbose parsed url   hash: null,
13 verbose parsed url   search: null,
13 verbose parsed url   query: null,
13 verbose parsed url   pathname: '2.1.5',
13 verbose parsed url   path: '2.1.5',
13 verbose parsed url   href: '2.1.5' }
14 verbose addNamed [ 'js-base64', '2.1.5' ]
15 verbose addNamed [ '2.1.5', '2.1.5' ]
16 silly lockFile fdb69d5d-js-base64-2-1-5 js-base64@2.1.5
17 verbose lock js-base64@2.1.5 /home/user/.npm/fdb69d5d-js-base64-2-1-5.lock
18 verbose request where is /js-base64
19 verbose request registry https://registry.npm.taobao.org/
20 verbose request id b0eed6b2a60cf1a5
21 verbose url raw /js-base64
22 verbose url resolving [ 'https://registry.npm.taobao.org/', './js-base64' ]
23 verbose url resolved https://registry.npm.taobao.org/js-base64
24 verbose request where is https://registry.npm.taobao.org/js-base64
25 info trying registry request attempt 1 at 15:00:13
26 http GET https://registry.npm.taobao.org/js-base64
27 http 200 https://registry.npm.taobao.org/js-base64
28 silly registry.get cb [ 200,
28 silly registry.get   { date: 'Fri, 08 Jan 2016 07:00:13 GMT',
28 silly registry.get     'content-type': 'application/json; charset=utf-8',
28 silly registry.get     'content-length': '11900',
28 silly registry.get     connection: 'keep-alive',
28 silly registry.get     etag: '"2e7c-Hcg67cr5/9ESotF3dvMR2w"',
28 silly registry.get     'x-readtime': '16' } ]
29 silly lockFile 86cfefd4-e64-download-js-base64-2-1-5-tgz https://registry.npm.taobao.org/js-base64/download/js-base64-2.1.5.tgz
30 verbose lock https://registry.npm.taobao.org/js-base64/download/js-base64-2.1.5.tgz /home/user/.npm/86cfefd4-e64-download-js-base64-2-1-5-tgz.lock
31 verbose addRemoteTarball [ 'https://registry.npm.taobao.org/js-base64/download/js-base64-2.1.5.tgz',
31 verbose addRemoteTarball   '32355469fa8f91a4b2d2d845e48fd169ad40af26' ]
32 info retry fetch attempt 1 at 15:00:17
33 verbose fetch to= /tmp/npm-32563-QobYfreA/registry.npm.taobao.org/js-base64/download/js-base64-2.1.5.tgz
34 http GET https://registry.npm.taobao.org/js-base64/download/js-base64-2.1.5.tgz
35 http 200 https://registry.npm.taobao.org/js-base64/download/js-base64-2.1.5.tgz
36 silly lockFile 86cfefd4-e64-download-js-base64-2-1-5-tgz https://registry.npm.taobao.org/js-base64/download/js-base64-2.1.5.tgz
37 silly lockFile 86cfefd4-e64-download-js-base64-2-1-5-tgz https://registry.npm.taobao.org/js-base64/download/js-base64-2.1.5.tgz
38 silly lockFile fdb69d5d-js-base64-2-1-5 js-base64@2.1.5
39 silly lockFile fdb69d5d-js-base64-2-1-5 js-base64@2.1.5
40 error Error: EACCES, mkdir '/home/user/.npm/js-base64/2.1.5'
40 error  { [Error: EACCES, mkdir '/home/user/.npm/js-base64/2.1.5']
40 error   errno: 3,
40 error   code: 'EACCES',
40 error   path: '/home/user/.npm/js-base64/2.1.5',
40 error   parent: 'react-redux-todomvc' }
41 error Please try running this command again as root/Administrator.
42 error System Linux 3.13.0-48-generic
43 error command "/usr/bin/node" "/usr/bin/npm" "install" "js-base64" "--registry=https://registry.npm.taobao.org"
44 error cwd /home/user/Workspace/augmentum/baomi/Training/React/hank.liu/todomvc
45 error node -v v0.10.37
46 error npm -v 1.4.28
47 error path /home/user/.npm/js-base64/2.1.5
48 error code EACCES
49 error errno 3
50 error stack Error: EACCES, mkdir '/home/user/.npm/js-base64/2.1.5'
51 verbose exit [ 3, true ]
